1612925943469	geckodriver	INFO	Listening on 127.0.0.1:20203
1612925946637	mozrunner::runner	INFO	Running command: "C:\\Program Files\\Mozilla Firefox\\firefox.exe" "--marionette" "-foreground" "-no-remote" "-profile" "C:\\Users\\MANIKA~1\\AppData\\Local\\Temp\\rust_mozprofilemhZFZ2"
1612925951836	geckodriver	INFO	Listening on 127.0.0.1:20218
1612925954937	mozrunner::runner	INFO	Running command: "C:\\Program Files\\Mozilla Firefox\\firefox.exe" "--marionette" "-foreground" "-no-remote" "-profile" "C:\\Users\\MANIKA~1\\AppData\\Local\\Temp\\rust_mozprofile44CZAQ"
console.warn: SearchSettings: "get: No settings file exists, new profile?" (new Error("", "(unknown module)"))
console.error: Region.jsm: "Error fetching region" (new Error("TIMEOUT", "resource://gre/modules/Region.jsm", 775))
console.error: Region.jsm: "Failed to fetch region" (new Error("TIMEOUT", "resource://gre/modules/Region.jsm", 422))
1612926051086	Marionette	INFO	Listening on port 20226
1612926069301	Marionette	INFO	Stopped listening on port 20226

###!!! [Child][RunMessage] Error: Channel closing: too late to send/recv, messages will be lost

1612926088810	geckodriver	INFO	Listening on 127.0.0.1:20339
1612926091914	mozrunner::runner	INFO	Running command: "C:\\Program Files\\Mozilla Firefox\\firefox.exe" "--marionette" "-foreground" "-no-remote" "-profile" "C:\\Users\\MANIKA~1\\AppData\\Local\\Temp\\rust_mozprofileirakQy"
console.warn: SearchSettings: "get: No settings file exists, new profile?" (new Error("", "(unknown module)"))
1612926101604	Marionette	INFO	Listening on port 20347
1612926103046	Marionette	WARN	TLS certificate errors will be ignored for this session
1612926103246	Marionette	ERROR	[15] No reply from Marionette:Register
console.warn: SearchSettings: "get: No settings file exists, new profile?" (new Error("", "(unknown module)"))
1612926109420	Marionette	INFO	Stopped listening on port 20347

###!!! [Child][RunMessage] Error: Channel closing: too late to send/recv, messages will be lost

1612926111655	geckodriver	INFO	Listening on 127.0.0.1:20395
1612926114803	mozrunner::runner	INFO	Running command: "C:\\Program Files\\Mozilla Firefox\\firefox.exe" "--marionette" "-foreground" "-no-remote" "-profile" "C:\\Users\\MANIKA~1\\AppData\\Local\\Temp\\rust_mozprofile37juNE"
console.warn: SearchSettings: "get: No settings file exists, new profile?" (new Error("", "(unknown module)"))
1612926120615	Marionette	INFO	Listening on port 20403
1612926120750	Marionette	WARN	TLS certificate errors will be ignored for this session
1612926120829	Marionette	ERROR	[15] No reply from Marionette:Register
console.warn: SearchSettings: "get: No settings file exists, new profile?" (new Error("", "(unknown module)"))
1612926130947	Marionette	INFO	Stopped listening on port 20403

###!!! [Child][RunMessage] Error: Channel closing: too late to send/recv, messages will be lost

1612926254311	geckodriver	INFO	Listening on 127.0.0.1:20459
1612926257442	mozrunner::runner	INFO	Running command: "C:\\Program Files\\Mozilla Firefox\\firefox.exe" "--marionette" "-foreground" "-no-remote" "-profile" "C:\\Users\\MANIKA~1\\AppData\\Local\\Temp\\rust_mozprofileLZjMog"
console.warn: SearchSettings: "get: No settings file exists, new profile?" (new Error("", "(unknown module)"))
1612926263906	Marionette	INFO	Listening on port 20467
1612926264438	Marionette	WARN	TLS certificate errors will be ignored for this session
1612926264467	Marionette	ERROR	[15] No reply from Marionette:Register
console.warn: SearchSettings: "get: No settings file exists, new profile?" (new Error("", "(unknown module)"))
1612926267650	Marionette	INFO	Stopped listening on port 20467
JavaScript error: resource://activity-stream/lib/ASRouter.jsm, line 987: NS_ERROR_ILLEGAL_VALUE: Component returned failure code: 0x80070057 (NS_ERROR_ILLEGAL_VALUE) [nsIObserverService.removeObserver]
JavaScript error: resource://gre/modules/UrlClassifierListManager.jsm, line 691: TypeError: this.tablesData[table] is undefined

###!!! [Child][RunMessage] Error: Channel closing: too late to send/recv, messages will be lost

1612926270180	geckodriver	INFO	Listening on 127.0.0.1:20513
1612926273217	mozrunner::runner	INFO	Running command: "C:\\Program Files\\Mozilla Firefox\\firefox.exe" "--marionette" "-foreground" "-no-remote" "-profile" "C:\\Users\\MANIKA~1\\AppData\\Local\\Temp\\rust_mozprofilenSSGic"
console.warn: SearchSettings: "get: No settings file exists, new profile?" (new Error("", "(unknown module)"))
1612926279659	Marionette	INFO	Listening on port 20521
1612926279794	Marionette	WARN	TLS certificate errors will be ignored for this session
1612926279815	Marionette	ERROR	[15] No reply from Marionette:Register
console.warn: SearchSettings: "get: No settings file exists, new profile?" (new Error("", "(unknown module)"))
1612926288874	Marionette	INFO	Stopped listening on port 20521

###!!! [Child][RunMessage] Error: Channel closing: too late to send/recv, messages will be lost

1613558577518	geckodriver	INFO	Listening on 127.0.0.1:12763
1613558580628	mozrunner::runner	INFO	Running command: "C:\\Program Files\\Mozilla Firefox\\firefox.exe" "--marionette" "-foreground" "-no-remote" "-profile" "C:\\Users\\MANIKA~1\\AppData\\Local\\Temp\\rust_mozprofilejno6yJ"
console.warn: SearchSettings: "get: No settings file exists, new profile?" (new Error("", "(unknown module)"))
console.warn: SearchSettings: "get: No settings file exists, new profile?" (new Error("", "(unknown module)"))
1613558613683	Marionette	INFO	Listening on port 12771
1613558614074	Marionette	WARN	TLS certificate errors will be ignored for this session
1613558614109	Marionette	ERROR	[15] No reply from Marionette:Register
1613558624857	Marionette	WARN	TimedPromise timed out after 500 ms: stacktrace:
TimedPromise/<@chrome://marionette/content/sync.js:235:19
TimedPromise@chrome://marionette/content/sync.js:220:10
interaction.flushEventLoop@chrome://marionette/content/interaction.js:418:10
webdriverClickElement@chrome://marionette/content/interaction.js:179:31
send@https://admin-demo.nopcommerce.com/lib/jquery/jquery-3.4.1.min.js:2:81476
ajax@https://admin-demo.nopcommerce.com/lib/jquery/jquery-3.4.1.min.js:2:77295
s.ajax@https://admin-demo.nopcommerce.com/lib/jquery-migrate/jquery-migrate-3.1.0.min.js:2:3154
init@https://admin-demo.nopcommerce.com/js/admin.navigation.js:56:11
initOnce@https://admin-demo.nopcommerce.com/js/admin.navigation.js:90:17
init@https://admin-demo.nopcommerce.com/js/admin.search.js:72:30
@https://admin-demo.nopcommerce.com/Admin/Customer/List:148:46
e@https://admin-demo.nopcommerce.com/lib/jquery/jquery-3.4.1.min.js:2:29453
l/</t<@https://admin-demo.nopcommerce.com/lib/jquery/jquery-3.4.1.min.js:2:29755
1613558679571	Marionette	INFO	Stopped listening on port 12771

###!!! [Child][RunMessage] Error: Channel closing: too late to send/recv, messages will be lost

"--marionette" "-foreground" "-no-remote" "-profile" "C:\\Users\\MANIKA~1\\AppData\\Local\\Temp\\rust_mozprofilecsgcrB"
console.warn: SearchSettings: "get: No settings file exists, new profile?" (new Error("", "(unknown module)"))
1613558634763	Marionette	INFO	Listening on port 12849
1613558634820	Marionette	WARN	TLS certificate errors will be ignored for this session
1613558634860	Marionette	ERROR	[15] No reply from Marionette:Register
console.warn: SearchSettings: "get: No settings file exists, new profile?" (new Error("", "(unknown module)"))
1613558643340	Marionette	INFO	Stopped listening on port 12849
JavaScript error: resource://activity-stream/lib/ASRouter.jsm, line 987: NS_ERROR_ILLEGAL_VALUE: Component returned failure code: 0x80070057 (NS_ERROR_ILLEGAL_VALUE) [nsIObserverService.removeObserver]
[Parent 232404, IPC I/O Parent] WARNING: file /builds/worker/checkouts/gecko/ipc/chromium/src/base/process_util_win.cc:167

###!!! [Child][RunMessage] Error: Channel closing: too late to send/recv, messages will be lost

1613558875948	geckodriver	INFO	Listening on 127.0.0.1:12905
1613558879007	mozrunner::runner	INFO	Running command: "C:\\Program Files\\Mozilla Firefox\\firefox.exe" "--marionette" "-foreground" "-no-remote" "-profile" "C:\\Users\\MANIKA~1\\AppData\\Local\\Temp\\rust_mozprofilewlKxea"
console.warn: SearchSettings: "get: No settings file exists, new profile?" (new Error("", "(unknown module)"))
1613558885031	Marionette	INFO	Listening on port 12913
1613558885453	Marionette	WARN	TLS certificate errors will be ignored for this session
1613558885478	Marionette	ERROR	[15] No reply from Marionette:Register
console.warn: SearchSettings: "get: No settings file exists, new profile?" (new Error("", "(unknown module)"))
1613558896843	Marionette	WARN	TimedPromise timed out after 500 ms: stacktrace:
TimedPromise/<@chrome://marionette/content/sync.js:235:19
TimedPromise@chrome://marionette/content/sync.js:220:10
interaction.flushEventLoop@chrome://marionette/content/interaction.js:418:10
webdriverClickElement@chrome://marionette/content/interaction.js:179:31
send@https://admin-demo.nopcommerce.com/lib/jquery/jquery-3.4.1.min.js:2:81476
ajax@https://admin-demo.nopcommerce.com/lib/jquery/jquery-3.4.1.min.js:2:77295
s.ajax@https://admin-demo.nopcommerce.com/lib/jquery-migrate/jquery-migrate-3.1.0.min.js:2:3154
init@https://admin-demo.nopcommerce.com/js/admin.navigation.js:56:11
initOnce@https://admin-demo.nopcommerce.com/js/admin.navigation.js:90:17
init@https://admin-demo.nopcommerce.com/js/admin.search.js:72:30
@https://admin-demo.nopcommerce.com/Admin/Customer/List:148:46
e@https://admin-demo.nopcommerce.com/lib/jquery/jquery-3.4.1.min.js:2:29453
l/</t<@https://admin-demo.nopcommerce.com/lib/jquery/jquery-3.4.1.min.js:2:29755
JavaScript error: resource://activity-stream/lib/ASRouter.jsm, line 987: NS_ERROR_ILLEGAL_VALUE: Component returned failure code: 0x80070057 (NS_ERROR_ILLEGAL_VALUE) [nsIObserverService.removeObserver]
1613559029860	Marionette	INFO	Stopped listening on port 12913

###!!! [Child][RunMessage] Error: Channel closing: too late to send/recv, messages will be lost

or("", "(unknown module)"))
1613558906544	Marionette	INFO	Listening on port 12970
1613558906755	Marionette	WARN	TLS certificate errors will be ignored for this session
1613558906773	Marionette	ERROR	[15] No reply from Marionette:Register
console.warn: SearchSettings: "get: No settings file exists, new profile?" (new Error("", "(unknown module)"))
1613558910701	Marionette	INFO	Stopped listening on port 12970
JavaScript error: resource://activity-stream/lib/ASRouter.jsm, line 987: NS_ERROR_ILLEGAL_VALUE: Component returned failure code: 0x80070057 (NS_ERROR_ILLEGAL_VALUE) [nsIObserverService.removeObserver]
console.warn: services.settings: main/cfr sync interrupted by shutdown
JavaScript error: resource://gre/modules/UrlClassifierListManager.jsm, line 691: TypeError: this.tablesData[table] is undefined

###!!! [Child][RunMessage] Error: Channel closing: too late to send/recv, messages will be lost

1613559025098	geckodriver	INFO	Listening on 127.0.0.1:13025
1613559028341	mozrunner::runner	INFO	Running command: "C:\\Program Files\\Mozilla Firefox\\firefox.exe" "--marionette" "-foreground" "-no-remote" "-profile" "C:\\Users\\MANIKA~1\\AppData\\Local\\Temp\\rust_mozprofileMxM0hh"
console.warn: SearchSettings: "get: No settings file exists, new profile?" (new Error("", "(unknown module)"))
1613559034705	Marionette	INFO	Listening on port 13033
1613559034900	Marionette	WARN	TLS certificate errors will be ignored for this session
1613559034924	Marionette	ERROR	[18] No reply from Marionette:Register
console.warn: SearchSettings: "get: No settings file exists, new profile?" (new Error("", "(unknown module)"))
1613559141602	Marionette	INFO	Stopped listening on port 13033

###!!! [Child][RunMessage] Error: Channel closing: too late to send/recv, messages will be lost

"--marionette" "-foreground" "-no-remote" "-profile" "C:\\Users\\MANIKA~1\\AppData\\Local\\Temp\\rust_mozprofile71Ntk7"
console.warn: SearchSettings: "get: No settings file exists, new profile?" (new Error("", "(unknown module)"))
1613559055039	Marionette	INFO	Listening on port 13092
1613559055524	Marionette	WARN	TLS certificate errors will be ignored for this session
1613559055541	Marionette	ERROR	[18] No reply from Marionette:Register
console.warn: SearchSettings: "get: No settings file exists, new profile?" (new Error("", "(unknown module)"))
1613559063975	Marionette	INFO	Stopped listening on port 13092
JavaScript error: resource://activity-stream/lib/ASRouter.jsm, line 987: NS_ERROR_ILLEGAL_VALUE: Component returned failure code: 0x80070057 (NS_ERROR_ILLEGAL_VALUE) [nsIObserverService.removeObserver]

###!!! [Child][RunMessage] Error: Channel closing: too late to send/recv, messages will be lost

1613559138902	geckodriver	INFO	Listening on 127.0.0.1:13145
1613559141941	mozrunner::runner	INFO	Running command: "C:\\Program Files\\Mozilla Firefox\\firefox.exe" "--marionette" "-foreground" "-no-remote" "-profile" "C:\\Users\\MANIKA~1\\AppData\\Local\\Temp\\rust_mozprofile0p5lsM"
console.warn: SearchSettings: "get: No settings file exists, new profile?" (new Error("", "(unknown module)"))
1613559147700	Marionette	INFO	Listening on port 13153
1613559147813	Marionette	WARN	TLS certificate errors will be ignored for this session
1613559147832	Marionette	ERROR	[15] No reply from Marionette:Register
console.warn: SearchSettings: "get: No settings file exists, new profile?" (new Error("", "(unknown module)"))
1613559348206	Marionette	INFO	Stopped listening on port 13153

###!!! [Child][RunMessage] Error: Channel closing: too late to send/recv, messages will be lost

"--marionette" "-foreground" "-no-remote" "-profile" "C:\\Users\\MANIKA~1\\AppData\\Local\\Temp\\rust_mozprofileTSI1yD"
console.warn: SearchSettings: "get: No settings file exists, new profile?" (new Error("", "(unknown module)"))
1613559175521	Marionette	INFO	Listening on port 13211
1613559175895	Marionette	WARN	TLS certificate errors will be ignored for this session
1613559175913	Marionette	ERROR	[15] No reply from Marionette:Register
console.warn: SearchSettings: "get: No settings file exists, new profile?" (new Error("", "(unknown module)"))
1613559183662	Marionette	INFO	Stopped listening on port 13211

###!!! [Child][RunMessage] Error: Channel closing: too late to send/recv, messages will be lost

1613559345991	geckodriver	INFO	Listening on 127.0.0.1:13268
1613559349073	mozrunner::runner	INFO	Running command: "C:\\Program Files\\Mozilla Firefox\\firefox.exe" "--marionette" "-foreground" "-no-remote" "-profile" "C:\\Users\\MANIKA~1\\AppData\\Local\\Temp\\rust_mozprofileAYF8dv"
console.warn: SearchSettings: "get: No settings file exists, new profile?" (new Error("", "(unknown module)"))
1613559354251	Marionette	INFO	Listening on port 13276
1613559354398	Marionette	WARN	TLS certificate errors will be ignored for this session
1613559354422	Marionette	ERROR	[15] No reply from Marionette:Register
console.warn: SearchSettings: "get: No settings file exists, new profile?" (new Error("", "(unknown module)"))
console.log: WebExtensions: reset-default-search: No addons in our list are installed.
JavaScript error: resource://activity-stream/lib/ASRouter.jsm, line 987: NS_ERROR_ILLEGAL_VALUE: Component returned failure code: 0x80070057 (NS_ERROR_ILLEGAL_VALUE) [nsIObserverService.removeObserver]
1613560573326	Marionette	INFO	Stopped listening on port 13276

###!!! [Child][RunMessage] Error: Channel closing: too late to send/recv, messages will be lost

559392747	Marionette	WARN	TLS certificate errors will be ignored for this session
1613559392774	Marionette	ERROR	[18] No reply from Marionette:Register
console.warn: SearchSettings: "get: No settings file exists, new profile?" (new Error("", "(unknown module)"))
1613559399791	Marionette	INFO	Stopped listening on port 13333

###!!! [Child][RunMessage] Error: Channel closing: too late to send/recv, messages will be lost


###!!! [Child][RunMessage] Error: Channel closing: too late to send/recv, messages will be lost


###!!! [Child][RunMessage] Error: Channel closing: too late to send/recv, messages will be lost


###!!! [Child][RunMessage] Error: Channel closing: too late to send/recv, messages will be lost


###!!! [Child][RunMessage] Error: Channel closing: too late to send/recv, messages will be lost

1613560571277	geckodriver	INFO	Listening on 127.0.0.1:13452
1613560574372	mozrunner::runner	INFO	Running command: "C:\\Program Files\\Mozilla Firefox\\firefox.exe" "--marionette" "-foreground" "-no-remote" "-profile" "C:\\Users\\MANIKA~1\\AppData\\Local\\Temp\\rust_mozprofile0sgsXC"
console.warn: SearchSettings: "get: No settings file exists, new profile?" (new Error("", "(unknown module)"))
1613560579254	Marionette	INFO	Listening on port 13460
1613560579711	Marionette	WARN	TLS certificate errors will be ignored for this session
1613560579726	Marionette	ERROR	[15] No reply from Marionette:Register
console.warn: SearchSettings: "get: No settings file exists, new profile?" (new Error("", "(unknown module)"))
1613560610072	Marionette	INFO	Stopped listening on port 13460
JavaScript error: https://admin-demo.nopcommerce.com/lib/jquery/jquery-3.4.1.min.js, line 2: NS_ERROR_NOT_INITIALIZED: 

###!!! [Child][RunMessage] Error: Channel closing: too late to send/recv, messages will be lost

1613560611728	geckodriver	INFO	Listening on 127.0.0.1:13510
1613560614772	mozrunner::runner	INFO	Running command: "C:\\Program Files\\Mozilla Firefox\\firefox.exe" "--marionette" "-foreground" "-no-remote" "-profile" "C:\\Users\\MANIKA~1\\AppData\\Local\\Temp\\rust_mozprofileqHJRUh"
console.warn: SearchSettings: "get: No settings file exists, new profile?" (new Error("", "(unknown module)"))
1613560619460	Marionette	INFO	Listening on port 13518
1613560619605	Marionette	WARN	TLS certificate errors will be ignored for this session
1613560619623	Marionette	ERROR	[15] No reply from Marionette:Register
console.warn: SearchSettings: "get: No settings file exists, new profile?" (new Error("", "(unknown module)"))
1613560626955	Marionette	INFO	Stopped listening on port 13518

###!!! [Child][RunMessage] Error: Channel closing: too late to send/recv, messages will be lost

1613560753503	geckodriver	INFO	Listening on 127.0.0.1:13623
1613560756579	mozrunner::runner	INFO	Running command: "C:\\Program Files\\Mozilla Firefox\\firefox.exe" "--marionette" "-foreground" "-no-remote" "-profile" "C:\\Users\\MANIKA~1\\AppData\\Local\\Temp\\rust_mozprofilekqxfpi"
console.warn: SearchSettings: "get: No settings file exists, new profile?" (new Error("", "(unknown module)"))
1613560761699	Marionette	INFO	Listening on port 13631
1613560761966	Marionette	WARN	TLS certificate errors will be ignored for this session
1613560761982	Marionette	ERROR	[15] No reply from Marionette:Register
console.warn: SearchSettings: "get: No settings file exists, new profile?" (new Error("", "(unknown module)"))
1613560791233	Marionette	INFO	Stopped listening on port 13631

###!!! [Child][RunMessage] Error: Channel closing: too late to send/recv, messages will be lost

1613560793100	geckodriver	INFO	Listening on 127.0.0.1:13683
1613560796144	mozrunner::runner	INFO	Running command: "C:\\Program Files\\Mozilla Firefox\\firefox.exe" "--marionette" "-foreground" "-no-remote" "-profile" "C:\\Users\\MANIKA~1\\AppData\\Local\\Temp\\rust_mozprofilewpurVo"
console.warn: SearchSettings: "get: No settings file exists, new profile?" (new Error("", "(unknown module)"))
1613560800960	Marionette	INFO	Listening on port 13692
1613560801474	Marionette	WARN	TLS certificate errors will be ignored for this session
1613560801488	Marionette	ERROR	[15] No reply from Marionette:Register
console.warn: SearchSettings: "get: No settings file exists, new profile?" (new Error("", "(unknown module)"))
1613560808950	Marionette	INFO	Stopped listening on port 13692

###!!! [Child][RunMessage] Error: Channel closing: too late to send/recv, messages will be lost

