2021-02-10 12:23:57,871 - root - INFO - *********Test_001_Login************ 
2021-02-10 12:23:57,872 - root - INFO - *********Verifying Homepage Title************ 
2021-02-10 12:24:04,327 - root - INFO - *********Homepage Title Test Case Passed********* 
2021-02-10 12:24:08,022 - root - INFO - *********Verifying Login Test************ 
2021-02-10 12:24:19,103 - root - INFO - *********Login Test is Passed************ 
2021-02-11 10:31:44,695 - root - INFO - *********Test_001_Login************ 
2021-02-11 10:31:44,695 - root - INFO - *********Verifying Homepage Title************ 
2021-02-11 10:31:50,939 - root - ERROR - *********Homepage Title Test Case Failed********* 
2021-02-11 10:31:55,093 - root - INFO - *********Verifying Login Test************ 
2021-02-11 10:32:06,532 - root - INFO - *********Login Test is Passed************ 
2021-02-11 11:12:29,277 - root - INFO - *********Test_001_Login************ 
2021-02-11 11:12:29,284 - root - INFO - *********Verifying Homepage Title************ 
2021-02-11 11:12:35,654 - root - ERROR - *********Homepage Title Test Case Failed********* 
2021-02-11 11:12:39,194 - root - INFO - *********Verifying Login Test************ 
2021-02-11 11:12:49,439 - root - INFO - *********Login Test is Passed************ 
2021-02-11 11:22:57,866 - root - INFO - *********Test_001_Login************ 
2021-02-11 11:22:57,867 - root - INFO - *********Verifying Homepage Title************ 
2021-02-11 11:23:16,124 - root - ERROR - *********Homepage Title Test Case Failed********* 
2021-02-11 11:23:19,754 - root - INFO - *********Verifying Login Test************ 
2021-02-11 11:23:41,692 - root - INFO - *********Login Test is Passed************ 
2021-02-11 11:38:07,047 - root - INFO - *********Test_001_Login************ 
2021-02-11 11:38:07,047 - root - INFO - *********Verifying Homepage Title************ 
2021-02-11 11:38:14,487 - root - ERROR - *********Homepage Title Test Case Failed********* 
2021-02-11 11:38:18,468 - root - INFO - *********Verifying Login Test************ 
2021-02-11 11:38:29,078 - root - INFO - *********Login Test is Passed************ 
2021-02-14 21:41:29,516 - root - INFO - ##########Test_002_DDT_Login############
2021-02-14 21:41:29,542 - root - INFO - *********Verifying Login DDT Test************ 
2021-02-14 21:41:50,995 - root - INFO - ****Passed****
2021-02-14 21:41:55,740 - root - INFO - ****Login DDT Test Passed****
2021-02-14 21:46:02,970 - root - INFO - ##########Test_002_DDT_Login############
2021-02-14 21:46:02,980 - root - INFO - *********Verifying Login DDT Test************ 
2021-02-14 21:46:23,322 - root - INFO - ****Passed****
2021-02-14 21:46:30,539 - root - INFO - *****Passed****
2021-02-14 21:54:47,758 - root - INFO - ##########Test_002_DDT_Login############
2021-02-14 21:54:47,791 - root - INFO - *********Verifying Login DDT Test************ 
2021-02-14 21:55:08,873 - root - INFO - ****Passed****
2021-02-14 21:55:18,132 - root - INFO - *****Passed****
2021-02-14 21:55:25,066 - root - INFO - *****Passed****
2021-02-14 22:06:33,649 - root - INFO - ##########Test_002_DDT_Login############
2021-02-14 22:06:33,735 - root - INFO - *********Verifying Login DDT Test************ 
2021-02-14 22:06:51,391 - root - INFO - ****Passed****
2021-02-14 22:06:59,648 - root - INFO - *****Passed****
2021-02-15 10:20:38,195 - root - INFO - ##########Test_002_DDT_Login############
2021-02-15 10:20:38,220 - root - INFO - *********Verifying Login DDT Test************ 
2021-02-15 10:21:14,627 - root - INFO - ****Passed****
2021-02-15 10:21:23,697 - root - INFO - *****Passed****
2021-02-15 11:13:27,159 - root - INFO - ##########Test_002_DDT_Login############
2021-02-15 11:13:27,205 - root - INFO - *********Verifying Login DDT Test************ 
2021-02-15 11:13:45,943 - root - INFO - ****Passed****
2021-02-15 11:13:55,835 - root - INFO - *****Passed****
2021-02-15 11:14:05,184 - root - INFO - *****Passed****
2021-02-15 11:20:28,207 - root - INFO - ##########Test_002_DDT_Login############
2021-02-15 11:20:28,338 - root - INFO - *********Verifying Login DDT Test************ 
2021-02-15 11:20:54,872 - root - INFO - ****Passed****
2021-02-15 11:21:08,890 - root - INFO - *****Passed****
2021-02-15 11:36:12,626 - root - INFO - ##########Test_002_DDT_Login############
2021-02-15 11:36:12,649 - root - INFO - *********Verifying Login DDT Test************ 
2021-02-15 11:36:58,027 - root - INFO - ****Passed****
2021-02-15 11:37:11,294 - root - INFO - *****Passed****
2021-02-15 11:37:21,190 - root - INFO - *****Passed****
2021-02-15 12:00:04,141 - root - INFO - ##########Test_002_DDT_Login############
2021-02-15 12:00:04,176 - root - INFO - *********Verifying Login DDT Test************ 
2021-02-15 12:01:34,977 - root - INFO - ##########Test_002_DDT_Login############
2021-02-15 12:01:35,049 - root - INFO - *********Verifying Login DDT Test************ 
2021-02-15 12:01:58,149 - root - INFO - ****Passed****
2021-02-15 12:02:11,046 - root - INFO - *****Passed****
2021-02-15 12:20:07,932 - root - INFO - ##########Test_002_DDT_Login############
2021-02-15 12:20:07,952 - root - INFO - *********Verifying Login DDT Test************ 
2021-02-15 12:20:43,105 - root - INFO - ****Passed****
2021-02-15 12:20:56,838 - root - INFO - *****Passed****
2021-02-15 12:21:06,469 - root - INFO - *****Passed****
2021-02-15 12:33:31,266 - root - INFO - ##########Test_002_DDT_Login############
2021-02-15 12:33:31,318 - root - INFO - *********Verifying Login DDT Test************ 
2021-02-15 12:33:57,263 - root - INFO - ****Passed****
2021-02-15 12:34:10,185 - root - INFO - *****Passed****
2021-02-15 12:34:19,862 - root - INFO - *****Passed****
2021-02-15 12:34:19,862 - root - INFO - ****Login DDT Test Passed****
2021-02-15 12:34:24,605 - root - INFO - ****End of Login DDT Test****
2021-02-15 12:34:24,606 - root - INFO - ****Completed TC_LoginDDT_002****
2021-02-16 22:17:47,918 - root - INFO - *********Test_003_AddCustomer************ 
2021-02-16 22:17:57,131 - root - INFO - **********Login Successful********
2021-02-16 22:17:57,132 - root - INFO - **********Starting Add Customer Test*************
2021-02-16 22:25:32,686 - root - INFO - *********Test_003_AddCustomer************ 
2021-02-16 22:25:42,032 - root - INFO - **********Login Successful********
2021-02-16 22:25:42,032 - root - INFO - **********Starting Add Customer Test*************
2021-02-16 22:25:44,876 - root - INFO - ***********8 Provinding Customer Info**********
2021-02-16 22:27:49,924 - root - INFO - *********Test_003_AddCustomer************ 
2021-02-16 22:28:02,187 - root - INFO - **********Login Successful********
2021-02-16 22:28:02,187 - root - INFO - **********Starting Add Customer Test*************
2021-02-16 22:29:30,449 - root - INFO - *********Test_003_AddCustomer************ 
2021-02-16 22:29:38,600 - root - INFO - **********Login Successful********
2021-02-16 22:29:38,600 - root - INFO - **********Starting Add Customer Test*************
2021-02-16 22:29:41,236 - root - INFO - ***********8 Provinding Customer Info**********
2021-02-16 22:29:52,421 - root - INFO - ************ Saving customer info**********
2021-02-16 22:29:52,421 - root - INFO - *********** Add customer validation started*************
2021-02-16 22:29:52,978 - root - ERROR - ******** Add customer Test Failed ********
2021-02-16 22:32:24,538 - root - INFO - *********Test_003_AddCustomer************ 
2021-02-16 22:32:36,830 - root - INFO - **********Login Successful********
2021-02-16 22:32:36,830 - root - INFO - **********Starting Add Customer Test*************
2021-02-16 22:32:40,089 - root - INFO - ***********8 Provinding Customer Info**********
2021-02-16 22:32:48,072 - root - INFO - ************ Saving customer info**********
2021-02-16 22:32:48,073 - root - INFO - *********** Add customer validation started*************
2021-02-16 22:32:48,591 - root - ERROR - ******** Add customer Test Failed ********
2021-02-16 22:35:28,862 - root - INFO - *********Test_003_AddCustomer************ 
2021-02-16 22:35:40,841 - root - INFO - **********Login Successful********
2021-02-16 22:35:40,842 - root - INFO - **********Starting Add Customer Test*************
2021-02-16 22:36:21,065 - root - INFO - *********Test_003_AddCustomer************ 
2021-02-16 22:36:30,079 - root - INFO - **********Login Successful********
2021-02-16 22:36:30,079 - root - INFO - **********Starting Add Customer Test*************
2021-02-16 22:36:33,603 - root - INFO - ***********8 Provinding Customer Info**********
2021-02-16 22:36:41,997 - root - INFO - ************ Saving customer info**********
2021-02-16 22:36:41,997 - root - INFO - *********** Add customer validation started*************
2021-02-16 22:36:42,199 - root - INFO - ********** Add customer Test Passed**********
2021-02-16 22:36:42,295 - root - INFO - ***** Ending Test_003_AddCustomer Test *********
2021-02-16 23:44:09,294 - root - INFO - ********* Test_SearchCustomerByEmail_004 ************ 
2021-02-16 23:44:22,852 - root - INFO - **********Login Successful********
2021-02-16 23:44:22,853 - root - INFO - ******** Starting Search Customer By Email ************
2021-02-16 23:44:24,696 - root - INFO - *********** searching customer by emailID **********
2021-02-16 23:48:30,911 - root - INFO - ********* Test_SearchCustomerByEmail_004 ************ 
2021-02-16 23:48:45,346 - root - INFO - **********Login Successful********
2021-02-16 23:48:45,347 - root - INFO - ******** Starting Search Customer By Email ************
2021-02-16 23:48:48,462 - root - INFO - *********** searching customer by emailID **********
2021-02-16 23:52:26,567 - root - INFO - ********* Test_SearchCustomerByEmail_004 ************ 
2021-02-16 23:52:41,363 - root - INFO - **********Login Successful********
2021-02-16 23:52:41,363 - root - INFO - ******** Starting Search Customer By Email ************
2021-02-16 23:52:44,903 - root - INFO - *********** searching customer by emailID **********
2021-02-16 23:54:01,347 - root - INFO - ********* Test_SearchCustomerByEmail_004 ************ 
2021-02-16 23:54:15,336 - root - INFO - **********Login Successful********
2021-02-16 23:54:15,340 - root - INFO - ******** Starting Search Customer By Email ************
2021-02-16 23:54:17,622 - root - INFO - *********** searching customer by emailID **********
2021-02-17 00:00:31,864 - root - INFO - ********* Test_SearchCustomerByEmail_004 ************ 
2021-02-17 00:00:45,644 - root - INFO - **********Login Successful********
2021-02-17 00:00:45,645 - root - INFO - ******** Starting Search Customer By Email ************
2021-02-17 00:00:47,491 - root - INFO - *********** searching customer by emailID **********
2021-02-17 00:14:17,209 - root - INFO - ********* Test_SearchCustomerByName_005 ************ 
2021-02-17 00:14:30,810 - root - INFO - **********Login Successful********
2021-02-17 00:14:30,810 - root - INFO - ******** Starting Search Customer By Email ************
2021-02-17 00:14:33,915 - root - INFO - *********** searching customer by emailID **********
2021-02-17 00:14:39,591 - root - INFO - **************** TC_SearchCustomerByName_005 Finished ************
2021-02-17 00:18:37,018 - root - INFO - ********* Test_SearchCustomerByEmail_004 ************ 
2021-02-17 00:18:48,844 - root - INFO - **********Login Successful********
2021-02-17 00:18:48,844 - root - INFO - ******** Starting Search Customer By Email ************
2021-02-17 00:18:52,298 - root - INFO - *********** searching customer by emailID **********
2021-02-17 00:20:17,218 - root - INFO - ********* Test_SearchCustomerByEmail_004 ************ 
2021-02-17 00:20:30,730 - root - INFO - **********Login Successful********
2021-02-17 00:20:30,730 - root - INFO - ******** Starting Search Customer By Email ************
2021-02-17 00:20:32,357 - root - INFO - *********** searching customer by emailID **********
2021-02-17 00:20:37,823 - root - INFO - **************** TC_SearchCustomerByEmail_004 Finished ************
2021-02-17 14:33:16,517 - root - INFO - *********Test_003_AddCustomer************ 
2021-02-17 14:33:16,517 - root - INFO - *********Test_003_AddCustomer************ 
2021-02-17 14:33:16,517 - root - INFO - *********Test_003_AddCustomer************ 
2021-02-17 14:33:16,517 - root - INFO - *********Test_003_AddCustomer************ 
2021-02-17 14:33:16,517 - root - INFO - *********Test_003_AddCustomer************ 
2021-02-17 14:33:32,170 - root - INFO - **********Login Successful********
2021-02-17 14:33:32,170 - root - INFO - **********Login Successful********
2021-02-17 14:33:32,170 - root - INFO - **********Login Successful********
2021-02-17 14:33:32,170 - root - INFO - **********Login Successful********
2021-02-17 14:33:32,170 - root - INFO - **********Login Successful********
2021-02-17 14:33:32,171 - root - INFO - **********Starting Add Customer Test*************
2021-02-17 14:33:32,171 - root - INFO - **********Starting Add Customer Test*************
2021-02-17 14:33:32,171 - root - INFO - **********Starting Add Customer Test*************
2021-02-17 14:33:32,171 - root - INFO - **********Starting Add Customer Test*************
2021-02-17 14:33:32,171 - root - INFO - **********Starting Add Customer Test*************
2021-02-17 14:33:35,646 - root - INFO - ***********8 Provinding Customer Info**********
2021-02-17 14:33:35,646 - root - INFO - ***********8 Provinding Customer Info**********
2021-02-17 14:33:35,646 - root - INFO - ***********8 Provinding Customer Info**********
2021-02-17 14:33:35,646 - root - INFO - ***********8 Provinding Customer Info**********
2021-02-17 14:33:35,646 - root - INFO - ***********8 Provinding Customer Info**********
2021-02-17 14:33:46,632 - root - INFO - ************ Saving customer info**********
2021-02-17 14:33:46,632 - root - INFO - ************ Saving customer info**********
2021-02-17 14:33:46,632 - root - INFO - ************ Saving customer info**********
2021-02-17 14:33:46,632 - root - INFO - ************ Saving customer info**********
2021-02-17 14:33:46,632 - root - INFO - ************ Saving customer info**********
2021-02-17 14:33:46,632 - root - INFO - *********** Add customer validation started*************
2021-02-17 14:33:46,632 - root - INFO - *********** Add customer validation started*************
2021-02-17 14:33:46,632 - root - INFO - *********** Add customer validation started*************
2021-02-17 14:33:46,632 - root - INFO - *********** Add customer validation started*************
2021-02-17 14:33:46,632 - root - INFO - *********** Add customer validation started*************
2021-02-17 14:33:47,080 - root - INFO - ********** Add customer Test Passed**********
2021-02-17 14:33:47,080 - root - INFO - ********** Add customer Test Passed**********
2021-02-17 14:33:47,080 - root - INFO - ********** Add customer Test Passed**********
2021-02-17 14:33:47,080 - root - INFO - ********** Add customer Test Passed**********
2021-02-17 14:33:47,080 - root - INFO - ********** Add customer Test Passed**********
2021-02-17 14:33:47,235 - root - INFO - ***** Ending Test_003_AddCustomer Test *********
2021-02-17 14:33:47,235 - root - INFO - ***** Ending Test_003_AddCustomer Test *********
2021-02-17 14:33:47,235 - root - INFO - ***** Ending Test_003_AddCustomer Test *********
2021-02-17 14:33:47,235 - root - INFO - ***** Ending Test_003_AddCustomer Test *********
2021-02-17 14:33:47,235 - root - INFO - ***** Ending Test_003_AddCustomer Test *********
2021-02-17 14:33:50,998 - root - INFO - *********Verifying Login Test************ 
2021-02-17 14:33:50,998 - root - INFO - *********Verifying Login Test************ 
2021-02-17 14:33:50,998 - root - INFO - *********Verifying Login Test************ 
2021-02-17 14:33:50,998 - root - INFO - *********Verifying Login Test************ 
2021-02-17 14:33:50,998 - root - INFO - *********Verifying Login Test************ 
2021-02-17 14:34:04,060 - root - INFO - *********Login Test is Passed************ 
2021-02-17 14:34:04,060 - root - INFO - *********Login Test is Passed************ 
2021-02-17 14:34:04,060 - root - INFO - *********Login Test is Passed************ 
2021-02-17 14:34:04,060 - root - INFO - *********Login Test is Passed************ 
2021-02-17 14:34:04,060 - root - INFO - *********Login Test is Passed************ 
2021-02-17 21:32:29,746 - root - INFO - *********Test_003_AddCustomer************ 
2021-02-17 21:32:29,746 - root - INFO - *********Test_003_AddCustomer************ 
2021-02-17 21:32:29,746 - root - INFO - *********Test_003_AddCustomer************ 
2021-02-17 21:32:29,746 - root - INFO - *********Test_003_AddCustomer************ 
2021-02-17 21:32:29,746 - root - INFO - *********Test_003_AddCustomer************ 
2021-02-17 21:32:41,547 - root - INFO - **********Login Successful********
2021-02-17 21:32:41,547 - root - INFO - **********Login Successful********
2021-02-17 21:32:41,547 - root - INFO - **********Login Successful********
2021-02-17 21:32:41,547 - root - INFO - **********Login Successful********
2021-02-17 21:32:41,547 - root - INFO - **********Login Successful********
2021-02-17 21:32:41,547 - root - INFO - **********Starting Add Customer Test*************
2021-02-17 21:32:41,547 - root - INFO - **********Starting Add Customer Test*************
2021-02-17 21:32:41,547 - root - INFO - **********Starting Add Customer Test*************
2021-02-17 21:32:41,547 - root - INFO - **********Starting Add Customer Test*************
2021-02-17 21:32:41,547 - root - INFO - **********Starting Add Customer Test*************
2021-02-17 21:32:44,865 - root - INFO - ***********8 Provinding Customer Info**********
2021-02-17 21:32:44,865 - root - INFO - ***********8 Provinding Customer Info**********
2021-02-17 21:32:44,865 - root - INFO - ***********8 Provinding Customer Info**********
2021-02-17 21:32:44,865 - root - INFO - ***********8 Provinding Customer Info**********
2021-02-17 21:32:44,865 - root - INFO - ***********8 Provinding Customer Info**********
2021-02-17 21:32:53,426 - root - INFO - ************ Saving customer info**********
2021-02-17 21:32:53,426 - root - INFO - ************ Saving customer info**********
2021-02-17 21:32:53,426 - root - INFO - ************ Saving customer info**********
2021-02-17 21:32:53,426 - root - INFO - ************ Saving customer info**********
2021-02-17 21:32:53,426 - root - INFO - ************ Saving customer info**********
2021-02-17 21:32:53,427 - root - INFO - *********** Add customer validation started*************
2021-02-17 21:32:53,427 - root - INFO - *********** Add customer validation started*************
2021-02-17 21:32:53,427 - root - INFO - *********** Add customer validation started*************
2021-02-17 21:32:53,427 - root - INFO - *********** Add customer validation started*************
2021-02-17 21:32:53,427 - root - INFO - *********** Add customer validation started*************
2021-02-17 21:32:53,634 - root - INFO - ********** Add customer Test Passed**********
2021-02-17 21:32:53,634 - root - INFO - ********** Add customer Test Passed**********
2021-02-17 21:32:53,634 - root - INFO - ********** Add customer Test Passed**********
2021-02-17 21:32:53,634 - root - INFO - ********** Add customer Test Passed**********
2021-02-17 21:32:53,634 - root - INFO - ********** Add customer Test Passed**********
2021-02-17 21:32:53,745 - root - INFO - ***** Ending Test_003_AddCustomer Test *********
2021-02-17 21:32:53,745 - root - INFO - ***** Ending Test_003_AddCustomer Test *********
2021-02-17 21:32:53,745 - root - INFO - ***** Ending Test_003_AddCustomer Test *********
2021-02-17 21:32:53,745 - root - INFO - ***** Ending Test_003_AddCustomer Test *********
2021-02-17 21:32:53,745 - root - INFO - ***** Ending Test_003_AddCustomer Test *********
2021-02-17 21:32:57,177 - root - INFO - *********Verifying Login Test************ 
2021-02-17 21:32:57,177 - root - INFO - *********Verifying Login Test************ 
2021-02-17 21:32:57,177 - root - INFO - *********Verifying Login Test************ 
2021-02-17 21:32:57,177 - root - INFO - *********Verifying Login Test************ 
2021-02-17 21:32:57,177 - root - INFO - *********Verifying Login Test************ 
2021-02-17 21:33:08,246 - root - INFO - *********Login Test is Passed************ 
2021-02-17 21:33:08,246 - root - INFO - *********Login Test is Passed************ 
2021-02-17 21:33:08,246 - root - INFO - *********Login Test is Passed************ 
2021-02-17 21:33:08,246 - root - INFO - *********Login Test is Passed************ 
2021-02-17 21:33:08,246 - root - INFO - *********Login Test is Passed************ 
2021-02-17 21:37:07,280 - root - INFO - *********Test_003_AddCustomer************ 
2021-02-17 21:37:07,280 - root - INFO - *********Test_003_AddCustomer************ 
2021-02-17 21:37:07,280 - root - INFO - *********Test_003_AddCustomer************ 
2021-02-17 21:37:07,280 - root - INFO - *********Test_003_AddCustomer************ 
2021-02-17 21:37:07,280 - root - INFO - *********Test_003_AddCustomer************ 
2021-02-17 21:37:19,327 - root - INFO - **********Login Successful********
2021-02-17 21:37:19,327 - root - INFO - **********Login Successful********
2021-02-17 21:37:19,327 - root - INFO - **********Login Successful********
2021-02-17 21:37:19,327 - root - INFO - **********Login Successful********
2021-02-17 21:37:19,327 - root - INFO - **********Login Successful********
2021-02-17 21:37:19,328 - root - INFO - **********Starting Add Customer Test*************
2021-02-17 21:37:19,328 - root - INFO - **********Starting Add Customer Test*************
2021-02-17 21:37:19,328 - root - INFO - **********Starting Add Customer Test*************
2021-02-17 21:37:19,328 - root - INFO - **********Starting Add Customer Test*************
2021-02-17 21:37:19,328 - root - INFO - **********Starting Add Customer Test*************
2021-02-17 21:37:23,520 - root - INFO - ***********8 Provinding Customer Info**********
2021-02-17 21:37:23,520 - root - INFO - ***********8 Provinding Customer Info**********
2021-02-17 21:37:23,520 - root - INFO - ***********8 Provinding Customer Info**********
2021-02-17 21:37:23,520 - root - INFO - ***********8 Provinding Customer Info**********
2021-02-17 21:37:23,520 - root - INFO - ***********8 Provinding Customer Info**********
2021-02-17 21:37:32,894 - root - INFO - ************ Saving customer info**********
2021-02-17 21:37:32,894 - root - INFO - ************ Saving customer info**********
2021-02-17 21:37:32,894 - root - INFO - ************ Saving customer info**********
2021-02-17 21:37:32,894 - root - INFO - ************ Saving customer info**********
2021-02-17 21:37:32,894 - root - INFO - ************ Saving customer info**********
2021-02-17 21:37:32,895 - root - INFO - *********** Add customer validation started*************
2021-02-17 21:37:32,895 - root - INFO - *********** Add customer validation started*************
2021-02-17 21:37:32,895 - root - INFO - *********** Add customer validation started*************
2021-02-17 21:37:32,895 - root - INFO - *********** Add customer validation started*************
2021-02-17 21:37:32,895 - root - INFO - *********** Add customer validation started*************
2021-02-17 21:37:33,183 - root - INFO - ********** Add customer Test Passed**********
2021-02-17 21:37:33,183 - root - INFO - ********** Add customer Test Passed**********
2021-02-17 21:37:33,183 - root - INFO - ********** Add customer Test Passed**********
2021-02-17 21:37:33,183 - root - INFO - ********** Add customer Test Passed**********
2021-02-17 21:37:33,183 - root - INFO - ********** Add customer Test Passed**********
2021-02-17 21:37:33,323 - root - INFO - ***** Ending Test_003_AddCustomer Test *********
2021-02-17 21:37:33,323 - root - INFO - ***** Ending Test_003_AddCustomer Test *********
2021-02-17 21:37:33,323 - root - INFO - ***** Ending Test_003_AddCustomer Test *********
2021-02-17 21:37:33,323 - root - INFO - ***** Ending Test_003_AddCustomer Test *********
2021-02-17 21:37:33,323 - root - INFO - ***** Ending Test_003_AddCustomer Test *********
2021-02-17 21:37:36,957 - root - INFO - *********Verifying Login Test************ 
2021-02-17 21:37:36,957 - root - INFO - *********Verifying Login Test************ 
2021-02-17 21:37:36,957 - root - INFO - *********Verifying Login Test************ 
2021-02-17 21:37:36,957 - root - INFO - *********Verifying Login Test************ 
2021-02-17 21:37:36,957 - root - INFO - *********Verifying Login Test************ 
2021-02-17 21:37:47,026 - root - INFO - *********Login Test is Passed************ 
2021-02-17 21:37:47,026 - root - INFO - *********Login Test is Passed************ 
2021-02-17 21:37:47,026 - root - INFO - *********Login Test is Passed************ 
2021-02-17 21:37:47,026 - root - INFO - *********Login Test is Passed************ 
2021-02-17 21:37:47,026 - root - INFO - *********Login Test is Passed************ 
2021-02-17 21:42:16,972 - root - INFO - *********Test_003_AddCustomer************ 
2021-02-17 21:42:16,972 - root - INFO - *********Test_003_AddCustomer************ 
2021-02-17 21:42:16,972 - root - INFO - *********Test_003_AddCustomer************ 
2021-02-17 21:42:16,972 - root - INFO - *********Test_003_AddCustomer************ 
2021-02-17 21:42:16,972 - root - INFO - *********Test_003_AddCustomer************ 
2021-02-17 21:42:27,335 - root - INFO - **********Login Successful********
2021-02-17 21:42:27,335 - root - INFO - **********Login Successful********
2021-02-17 21:42:27,335 - root - INFO - **********Login Successful********
2021-02-17 21:42:27,335 - root - INFO - **********Login Successful********
2021-02-17 21:42:27,335 - root - INFO - **********Login Successful********
2021-02-17 21:42:27,335 - root - INFO - **********Starting Add Customer Test*************
2021-02-17 21:42:27,335 - root - INFO - **********Starting Add Customer Test*************
2021-02-17 21:42:27,335 - root - INFO - **********Starting Add Customer Test*************
2021-02-17 21:42:27,335 - root - INFO - **********Starting Add Customer Test*************
2021-02-17 21:42:27,335 - root - INFO - **********Starting Add Customer Test*************
2021-02-17 21:42:31,446 - root - INFO - ***********8 Provinding Customer Info**********
2021-02-17 21:42:31,446 - root - INFO - ***********8 Provinding Customer Info**********
2021-02-17 21:42:31,446 - root - INFO - ***********8 Provinding Customer Info**********
2021-02-17 21:42:31,446 - root - INFO - ***********8 Provinding Customer Info**********
2021-02-17 21:42:31,446 - root - INFO - ***********8 Provinding Customer Info**********
2021-02-17 21:42:39,971 - root - INFO - ************ Saving customer info**********
2021-02-17 21:42:39,971 - root - INFO - ************ Saving customer info**********
2021-02-17 21:42:39,971 - root - INFO - ************ Saving customer info**********
2021-02-17 21:42:39,971 - root - INFO - ************ Saving customer info**********
2021-02-17 21:42:39,971 - root - INFO - ************ Saving customer info**********
2021-02-17 21:42:39,972 - root - INFO - *********** Add customer validation started*************
2021-02-17 21:42:39,972 - root - INFO - *********** Add customer validation started*************
2021-02-17 21:42:39,972 - root - INFO - *********** Add customer validation started*************
2021-02-17 21:42:39,972 - root - INFO - *********** Add customer validation started*************
2021-02-17 21:42:39,972 - root - INFO - *********** Add customer validation started*************
2021-02-17 21:42:40,177 - root - INFO - ********** Add customer Test Passed**********
2021-02-17 21:42:40,177 - root - INFO - ********** Add customer Test Passed**********
2021-02-17 21:42:40,177 - root - INFO - ********** Add customer Test Passed**********
2021-02-17 21:42:40,177 - root - INFO - ********** Add customer Test Passed**********
2021-02-17 21:42:40,177 - root - INFO - ********** Add customer Test Passed**********
2021-02-17 21:42:40,349 - root - INFO - ***** Ending Test_003_AddCustomer Test *********
2021-02-17 21:42:40,349 - root - INFO - ***** Ending Test_003_AddCustomer Test *********
2021-02-17 21:42:40,349 - root - INFO - ***** Ending Test_003_AddCustomer Test *********
2021-02-17 21:42:40,349 - root - INFO - ***** Ending Test_003_AddCustomer Test *********
2021-02-17 21:42:40,349 - root - INFO - ***** Ending Test_003_AddCustomer Test *********
2021-02-17 21:42:43,870 - root - INFO - *********Verifying Login Test************ 
2021-02-17 21:42:43,870 - root - INFO - *********Verifying Login Test************ 
2021-02-17 21:42:43,870 - root - INFO - *********Verifying Login Test************ 
2021-02-17 21:42:43,870 - root - INFO - *********Verifying Login Test************ 
2021-02-17 21:42:43,870 - root - INFO - *********Verifying Login Test************ 
2021-02-17 21:42:54,779 - root - INFO - *********Login Test is Passed************ 
2021-02-17 21:42:54,779 - root - INFO - *********Login Test is Passed************ 
2021-02-17 21:42:54,779 - root - INFO - *********Login Test is Passed************ 
2021-02-17 21:42:54,779 - root - INFO - *********Login Test is Passed************ 
2021-02-17 21:42:54,779 - root - INFO - *********Login Test is Passed************ 
2021-02-17 21:43:34,112 - root - INFO - *********Test_003_AddCustomer************ 
2021-02-17 21:43:34,112 - root - INFO - *********Test_003_AddCustomer************ 
2021-02-17 21:43:34,112 - root - INFO - *********Test_003_AddCustomer************ 
2021-02-17 21:43:34,112 - root - INFO - *********Test_003_AddCustomer************ 
2021-02-17 21:43:34,112 - root - INFO - *********Test_003_AddCustomer************ 
2021-02-17 21:43:43,240 - root - INFO - **********Login Successful********
2021-02-17 21:43:43,240 - root - INFO - **********Login Successful********
2021-02-17 21:43:43,240 - root - INFO - **********Login Successful********
2021-02-17 21:43:43,240 - root - INFO - **********Login Successful********
2021-02-17 21:43:43,240 - root - INFO - **********Login Successful********
2021-02-17 21:43:43,240 - root - INFO - **********Starting Add Customer Test*************
2021-02-17 21:43:43,240 - root - INFO - **********Starting Add Customer Test*************
2021-02-17 21:43:43,240 - root - INFO - **********Starting Add Customer Test*************
2021-02-17 21:43:43,240 - root - INFO - **********Starting Add Customer Test*************
2021-02-17 21:43:43,240 - root - INFO - **********Starting Add Customer Test*************
2021-02-17 21:43:45,060 - root - INFO - ***********8 Provinding Customer Info**********
2021-02-17 21:43:45,060 - root - INFO - ***********8 Provinding Customer Info**********
2021-02-17 21:43:45,060 - root - INFO - ***********8 Provinding Customer Info**********
2021-02-17 21:43:45,060 - root - INFO - ***********8 Provinding Customer Info**********
2021-02-17 21:43:45,060 - root - INFO - ***********8 Provinding Customer Info**********
2021-02-17 21:43:54,837 - root - INFO - *********Verifying Login Test************ 
2021-02-17 21:43:54,837 - root - INFO - *********Verifying Login Test************ 
2021-02-17 21:43:54,837 - root - INFO - *********Verifying Login Test************ 
2021-02-17 21:43:54,837 - root - INFO - *********Verifying Login Test************ 
2021-02-17 21:43:54,837 - root - INFO - *********Verifying Login Test************ 
2021-02-17 21:44:03,329 - root - INFO - *********Login Test is Passed************ 
2021-02-17 21:44:03,329 - root - INFO - *********Login Test is Passed************ 
2021-02-17 21:44:03,329 - root - INFO - *********Login Test is Passed************ 
2021-02-17 21:44:03,329 - root - INFO - *********Login Test is Passed************ 
2021-02-17 21:44:03,329 - root - INFO - *********Login Test is Passed************ 
2021-02-17 21:48:05,474 - root - INFO - *********Test_003_AddCustomer************ 
2021-02-17 21:48:05,474 - root - INFO - *********Test_003_AddCustomer************ 
2021-02-17 21:48:05,474 - root - INFO - *********Test_003_AddCustomer************ 
2021-02-17 21:48:05,474 - root - INFO - *********Test_003_AddCustomer************ 
2021-02-17 21:48:05,474 - root - INFO - *********Test_003_AddCustomer************ 
2021-02-17 21:48:14,342 - root - INFO - **********Login Successful********
2021-02-17 21:48:14,342 - root - INFO - **********Login Successful********
2021-02-17 21:48:14,342 - root - INFO - **********Login Successful********
2021-02-17 21:48:14,342 - root - INFO - **********Login Successful********
2021-02-17 21:48:14,342 - root - INFO - **********Login Successful********
2021-02-17 21:48:14,342 - root - INFO - **********Starting Add Customer Test*************
2021-02-17 21:48:14,342 - root - INFO - **********Starting Add Customer Test*************
2021-02-17 21:48:14,342 - root - INFO - **********Starting Add Customer Test*************
2021-02-17 21:48:14,342 - root - INFO - **********Starting Add Customer Test*************
2021-02-17 21:48:14,342 - root - INFO - **********Starting Add Customer Test*************
2021-02-17 21:48:17,046 - root - INFO - ***********8 Provinding Customer Info**********
2021-02-17 21:48:17,046 - root - INFO - ***********8 Provinding Customer Info**********
2021-02-17 21:48:17,046 - root - INFO - ***********8 Provinding Customer Info**********
2021-02-17 21:48:17,046 - root - INFO - ***********8 Provinding Customer Info**********
2021-02-17 21:48:17,046 - root - INFO - ***********8 Provinding Customer Info**********
2021-02-17 21:48:26,775 - root - INFO - *********Verifying Login Test************ 
2021-02-17 21:48:26,775 - root - INFO - *********Verifying Login Test************ 
2021-02-17 21:48:26,775 - root - INFO - *********Verifying Login Test************ 
2021-02-17 21:48:26,775 - root - INFO - *********Verifying Login Test************ 
2021-02-17 21:48:26,775 - root - INFO - *********Verifying Login Test************ 
2021-02-17 21:48:30,698 - root - INFO - *********Login Test is Passed************ 
2021-02-17 21:48:30,698 - root - INFO - *********Login Test is Passed************ 
2021-02-17 21:48:30,698 - root - INFO - *********Login Test is Passed************ 
2021-02-17 21:48:30,698 - root - INFO - *********Login Test is Passed************ 
2021-02-17 21:48:30,698 - root - INFO - *********Login Test is Passed************ 
2021-02-17 21:50:34,935 - root - INFO - *********Test_003_AddCustomer************ 
2021-02-17 21:50:34,935 - root - INFO - *********Test_003_AddCustomer************ 
2021-02-17 21:50:34,935 - root - INFO - *********Test_003_AddCustomer************ 
2021-02-17 21:50:34,935 - root - INFO - *********Test_003_AddCustomer************ 
2021-02-17 21:50:34,935 - root - INFO - *********Test_003_AddCustomer************ 
2021-02-17 21:50:42,098 - root - INFO - **********Login Successful********
2021-02-17 21:50:42,098 - root - INFO - **********Login Successful********
2021-02-17 21:50:42,098 - root - INFO - **********Login Successful********
2021-02-17 21:50:42,098 - root - INFO - **********Login Successful********
2021-02-17 21:50:42,098 - root - INFO - **********Login Successful********
2021-02-17 21:50:42,098 - root - INFO - **********Starting Add Customer Test*************
2021-02-17 21:50:42,098 - root - INFO - **********Starting Add Customer Test*************
2021-02-17 21:50:42,098 - root - INFO - **********Starting Add Customer Test*************
2021-02-17 21:50:42,098 - root - INFO - **********Starting Add Customer Test*************
2021-02-17 21:50:42,098 - root - INFO - **********Starting Add Customer Test*************
2021-02-17 21:50:46,775 - root - INFO - ***********8 Provinding Customer Info**********
2021-02-17 21:50:46,775 - root - INFO - ***********8 Provinding Customer Info**********
2021-02-17 21:50:46,775 - root - INFO - ***********8 Provinding Customer Info**********
2021-02-17 21:50:46,775 - root - INFO - ***********8 Provinding Customer Info**********
2021-02-17 21:50:46,775 - root - INFO - ***********8 Provinding Customer Info**********
2021-02-17 21:50:55,543 - root - INFO - *********Verifying Login Test************ 
2021-02-17 21:50:55,543 - root - INFO - *********Verifying Login Test************ 
2021-02-17 21:50:55,543 - root - INFO - *********Verifying Login Test************ 
2021-02-17 21:50:55,543 - root - INFO - *********Verifying Login Test************ 
2021-02-17 21:50:55,543 - root - INFO - *********Verifying Login Test************ 
2021-02-17 21:51:03,970 - root - INFO - *********Login Test is Passed************ 
2021-02-17 21:51:03,970 - root - INFO - *********Login Test is Passed************ 
2021-02-17 21:51:03,970 - root - INFO - *********Login Test is Passed************ 
2021-02-17 21:51:03,970 - root - INFO - *********Login Test is Passed************ 
2021-02-17 21:51:03,970 - root - INFO - *********Login Test is Passed************ 
2021-02-17 21:52:27,848 - root - INFO - *********Test_003_AddCustomer************ 
2021-02-17 21:52:27,848 - root - INFO - *********Test_003_AddCustomer************ 
2021-02-17 21:52:27,848 - root - INFO - *********Test_003_AddCustomer************ 
2021-02-17 21:52:27,848 - root - INFO - *********Test_003_AddCustomer************ 
2021-02-17 21:52:27,848 - root - INFO - *********Test_003_AddCustomer************ 
2021-02-17 21:52:31,726 - root - INFO - **********Login Successful********
2021-02-17 21:52:31,726 - root - INFO - **********Login Successful********
2021-02-17 21:52:31,726 - root - INFO - **********Login Successful********
2021-02-17 21:52:31,726 - root - INFO - **********Login Successful********
2021-02-17 21:52:31,726 - root - INFO - **********Login Successful********
2021-02-17 21:52:31,726 - root - INFO - **********Starting Add Customer Test*************
2021-02-17 21:52:31,726 - root - INFO - **********Starting Add Customer Test*************
2021-02-17 21:52:31,726 - root - INFO - **********Starting Add Customer Test*************
2021-02-17 21:52:31,726 - root - INFO - **********Starting Add Customer Test*************
2021-02-17 21:52:31,726 - root - INFO - **********Starting Add Customer Test*************
2021-02-17 21:52:37,377 - root - INFO - ***********8 Provinding Customer Info**********
2021-02-17 21:52:37,377 - root - INFO - ***********8 Provinding Customer Info**********
2021-02-17 21:52:37,377 - root - INFO - ***********8 Provinding Customer Info**********
2021-02-17 21:52:37,377 - root - INFO - ***********8 Provinding Customer Info**********
2021-02-17 21:52:37,377 - root - INFO - ***********8 Provinding Customer Info**********
2021-02-17 21:52:55,917 - root - INFO - *********Verifying Login Test************ 
2021-02-17 21:52:55,917 - root - INFO - *********Verifying Login Test************ 
2021-02-17 21:52:55,917 - root - INFO - *********Verifying Login Test************ 
2021-02-17 21:52:55,917 - root - INFO - *********Verifying Login Test************ 
2021-02-17 21:52:55,917 - root - INFO - *********Verifying Login Test************ 
2021-02-17 21:53:03,659 - root - INFO - *********Login Test is Passed************ 
2021-02-17 21:53:03,659 - root - INFO - *********Login Test is Passed************ 
2021-02-17 21:53:03,659 - root - INFO - *********Login Test is Passed************ 
2021-02-17 21:53:03,659 - root - INFO - *********Login Test is Passed************ 
2021-02-17 21:53:03,659 - root - INFO - *********Login Test is Passed************ 
2021-02-17 21:55:54,440 - root - INFO - *********Test_003_AddCustomer************ 
2021-02-17 21:55:54,440 - root - INFO - *********Test_003_AddCustomer************ 
2021-02-17 21:55:54,440 - root - INFO - *********Test_003_AddCustomer************ 
2021-02-17 21:55:54,440 - root - INFO - *********Test_003_AddCustomer************ 
2021-02-17 21:55:54,440 - root - INFO - *********Test_003_AddCustomer************ 
2021-02-17 21:56:03,026 - root - INFO - **********Login Successful********
2021-02-17 21:56:03,026 - root - INFO - **********Login Successful********
2021-02-17 21:56:03,026 - root - INFO - **********Login Successful********
2021-02-17 21:56:03,026 - root - INFO - **********Login Successful********
2021-02-17 21:56:03,026 - root - INFO - **********Login Successful********
2021-02-17 21:56:03,026 - root - INFO - **********Starting Add Customer Test*************
2021-02-17 21:56:03,026 - root - INFO - **********Starting Add Customer Test*************
2021-02-17 21:56:03,026 - root - INFO - **********Starting Add Customer Test*************
2021-02-17 21:56:03,026 - root - INFO - **********Starting Add Customer Test*************
2021-02-17 21:56:03,026 - root - INFO - **********Starting Add Customer Test*************
2021-02-17 21:56:08,474 - root - INFO - ***********8 Provinding Customer Info**********
2021-02-17 21:56:08,474 - root - INFO - ***********8 Provinding Customer Info**********
2021-02-17 21:56:08,474 - root - INFO - ***********8 Provinding Customer Info**********
2021-02-17 21:56:08,474 - root - INFO - ***********8 Provinding Customer Info**********
2021-02-17 21:56:08,474 - root - INFO - ***********8 Provinding Customer Info**********
2021-02-17 21:56:22,283 - root - INFO - ************ Saving customer info**********
2021-02-17 21:56:22,283 - root - INFO - ************ Saving customer info**********
2021-02-17 21:56:22,283 - root - INFO - ************ Saving customer info**********
2021-02-17 21:56:22,283 - root - INFO - ************ Saving customer info**********
2021-02-17 21:56:22,283 - root - INFO - ************ Saving customer info**********
2021-02-17 21:56:22,283 - root - INFO - *********** Add customer validation started*************
2021-02-17 21:56:22,283 - root - INFO - *********** Add customer validation started*************
2021-02-17 21:56:22,283 - root - INFO - *********** Add customer validation started*************
2021-02-17 21:56:22,283 - root - INFO - *********** Add customer validation started*************
2021-02-17 21:56:22,283 - root - INFO - *********** Add customer validation started*************
2021-02-17 21:56:23,058 - root - ERROR - ******** Add customer Test Failed ********
2021-02-17 21:56:23,058 - root - ERROR - ******** Add customer Test Failed ********
2021-02-17 21:56:23,058 - root - ERROR - ******** Add customer Test Failed ********
2021-02-17 21:56:23,058 - root - ERROR - ******** Add customer Test Failed ********
2021-02-17 21:56:23,058 - root - ERROR - ******** Add customer Test Failed ********
2021-02-17 21:56:32,776 - root - INFO - *********Verifying Login Test************ 
2021-02-17 21:56:32,776 - root - INFO - *********Verifying Login Test************ 
2021-02-17 21:56:32,776 - root - INFO - *********Verifying Login Test************ 
2021-02-17 21:56:32,776 - root - INFO - *********Verifying Login Test************ 
2021-02-17 21:56:32,776 - root - INFO - *********Verifying Login Test************ 
2021-02-17 21:56:39,785 - root - INFO - *********Login Test is Passed************ 
2021-02-17 21:56:39,785 - root - INFO - *********Login Test is Passed************ 
2021-02-17 21:56:39,785 - root - INFO - *********Login Test is Passed************ 
2021-02-17 21:56:39,785 - root - INFO - *********Login Test is Passed************ 
2021-02-17 21:56:39,785 - root - INFO - *********Login Test is Passed************ 
2021-02-17 22:16:19,775 - root - INFO - *********Test_003_AddCustomer************ 
2021-02-17 22:16:19,775 - root - INFO - *********Test_003_AddCustomer************ 
2021-02-17 22:16:19,775 - root - INFO - *********Test_003_AddCustomer************ 
2021-02-17 22:16:19,775 - root - INFO - *********Test_003_AddCustomer************ 
2021-02-17 22:16:19,775 - root - INFO - *********Test_003_AddCustomer************ 
2021-02-17 22:16:27,557 - root - INFO - **********Login Successful********
2021-02-17 22:16:27,557 - root - INFO - **********Login Successful********
2021-02-17 22:16:27,557 - root - INFO - **********Login Successful********
2021-02-17 22:16:27,557 - root - INFO - **********Login Successful********
2021-02-17 22:16:27,557 - root - INFO - **********Login Successful********
2021-02-17 22:16:27,558 - root - INFO - **********Starting Add Customer Test*************
2021-02-17 22:16:27,558 - root - INFO - **********Starting Add Customer Test*************
2021-02-17 22:16:27,558 - root - INFO - **********Starting Add Customer Test*************
2021-02-17 22:16:27,558 - root - INFO - **********Starting Add Customer Test*************
2021-02-17 22:16:27,558 - root - INFO - **********Starting Add Customer Test*************
2021-02-17 22:16:32,318 - root - INFO - ***********8 Provinding Customer Info**********
2021-02-17 22:16:32,318 - root - INFO - ***********8 Provinding Customer Info**********
2021-02-17 22:16:32,318 - root - INFO - ***********8 Provinding Customer Info**********
2021-02-17 22:16:32,318 - root - INFO - ***********8 Provinding Customer Info**********
2021-02-17 22:16:32,318 - root - INFO - ***********8 Provinding Customer Info**********
2021-02-17 22:16:49,471 - root - INFO - ************ Saving customer info**********
2021-02-17 22:16:49,471 - root - INFO - ************ Saving customer info**********
2021-02-17 22:16:49,471 - root - INFO - ************ Saving customer info**********
2021-02-17 22:16:49,471 - root - INFO - ************ Saving customer info**********
2021-02-17 22:16:49,471 - root - INFO - ************ Saving customer info**********
2021-02-17 22:16:49,471 - root - INFO - *********** Add customer validation started*************
2021-02-17 22:16:49,471 - root - INFO - *********** Add customer validation started*************
2021-02-17 22:16:49,471 - root - INFO - *********** Add customer validation started*************
2021-02-17 22:16:49,471 - root - INFO - *********** Add customer validation started*************
2021-02-17 22:16:49,471 - root - INFO - *********** Add customer validation started*************
2021-02-17 22:16:50,069 - root - INFO - ********** Add customer Test Passed**********
2021-02-17 22:16:50,069 - root - INFO - ********** Add customer Test Passed**********
2021-02-17 22:16:50,069 - root - INFO - ********** Add customer Test Passed**********
2021-02-17 22:16:50,069 - root - INFO - ********** Add customer Test Passed**********
2021-02-17 22:16:50,069 - root - INFO - ********** Add customer Test Passed**********
2021-02-17 22:16:51,709 - root - INFO - ***** Ending Test_003_AddCustomer Test *********
2021-02-17 22:16:51,709 - root - INFO - ***** Ending Test_003_AddCustomer Test *********
2021-02-17 22:16:51,709 - root - INFO - ***** Ending Test_003_AddCustomer Test *********
2021-02-17 22:16:51,709 - root - INFO - ***** Ending Test_003_AddCustomer Test *********
2021-02-17 22:16:51,709 - root - INFO - ***** Ending Test_003_AddCustomer Test *********
2021-02-17 22:16:59,624 - root - INFO - *********Verifying Login Test************ 
2021-02-17 22:16:59,624 - root - INFO - *********Verifying Login Test************ 
2021-02-17 22:16:59,624 - root - INFO - *********Verifying Login Test************ 
2021-02-17 22:16:59,624 - root - INFO - *********Verifying Login Test************ 
2021-02-17 22:16:59,624 - root - INFO - *********Verifying Login Test************ 
2021-02-17 22:17:06,952 - root - INFO - *********Login Test is Passed************ 
2021-02-17 22:17:06,952 - root - INFO - *********Login Test is Passed************ 
2021-02-17 22:17:06,952 - root - INFO - *********Login Test is Passed************ 
2021-02-17 22:17:06,952 - root - INFO - *********Login Test is Passed************ 
2021-02-17 22:17:06,952 - root - INFO - *********Login Test is Passed************ 
2021-02-17 22:18:27,665 - root - INFO - *********Test_003_AddCustomer************ 
2021-02-17 22:18:27,665 - root - INFO - *********Test_003_AddCustomer************ 
2021-02-17 22:18:27,665 - root - INFO - *********Test_003_AddCustomer************ 
2021-02-17 22:18:27,665 - root - INFO - *********Test_003_AddCustomer************ 
2021-02-17 22:18:27,665 - root - INFO - *********Test_003_AddCustomer************ 
2021-02-17 22:18:36,271 - root - INFO - **********Login Successful********
2021-02-17 22:18:36,271 - root - INFO - **********Login Successful********
2021-02-17 22:18:36,271 - root - INFO - **********Login Successful********
2021-02-17 22:18:36,271 - root - INFO - **********Login Successful********
2021-02-17 22:18:36,271 - root - INFO - **********Login Successful********
2021-02-17 22:18:36,271 - root - INFO - **********Starting Add Customer Test*************
2021-02-17 22:18:36,271 - root - INFO - **********Starting Add Customer Test*************
2021-02-17 22:18:36,271 - root - INFO - **********Starting Add Customer Test*************
2021-02-17 22:18:36,271 - root - INFO - **********Starting Add Customer Test*************
2021-02-17 22:18:36,271 - root - INFO - **********Starting Add Customer Test*************
2021-02-17 22:18:41,853 - root - INFO - ***********8 Provinding Customer Info**********
2021-02-17 22:18:41,853 - root - INFO - ***********8 Provinding Customer Info**********
2021-02-17 22:18:41,853 - root - INFO - ***********8 Provinding Customer Info**********
2021-02-17 22:18:41,853 - root - INFO - ***********8 Provinding Customer Info**********
2021-02-17 22:18:41,853 - root - INFO - ***********8 Provinding Customer Info**********
2021-02-17 22:18:59,249 - root - INFO - ************ Saving customer info**********
2021-02-17 22:18:59,249 - root - INFO - ************ Saving customer info**********
2021-02-17 22:18:59,249 - root - INFO - ************ Saving customer info**********
2021-02-17 22:18:59,249 - root - INFO - ************ Saving customer info**********
2021-02-17 22:18:59,249 - root - INFO - ************ Saving customer info**********
2021-02-17 22:18:59,249 - root - INFO - *********** Add customer validation started*************
2021-02-17 22:18:59,249 - root - INFO - *********** Add customer validation started*************
2021-02-17 22:18:59,249 - root - INFO - *********** Add customer validation started*************
2021-02-17 22:18:59,249 - root - INFO - *********** Add customer validation started*************
2021-02-17 22:18:59,249 - root - INFO - *********** Add customer validation started*************
2021-02-17 22:18:59,427 - root - INFO - ********** Add customer Test Passed**********
2021-02-17 22:18:59,427 - root - INFO - ********** Add customer Test Passed**********
2021-02-17 22:18:59,427 - root - INFO - ********** Add customer Test Passed**********
2021-02-17 22:18:59,427 - root - INFO - ********** Add customer Test Passed**********
2021-02-17 22:18:59,427 - root - INFO - ********** Add customer Test Passed**********
2021-02-17 22:18:59,586 - root - INFO - ***** Ending Test_003_AddCustomer Test *********
2021-02-17 22:18:59,586 - root - INFO - ***** Ending Test_003_AddCustomer Test *********
2021-02-17 22:18:59,586 - root - INFO - ***** Ending Test_003_AddCustomer Test *********
2021-02-17 22:18:59,586 - root - INFO - ***** Ending Test_003_AddCustomer Test *********
2021-02-17 22:18:59,586 - root - INFO - ***** Ending Test_003_AddCustomer Test *********
2021-02-17 22:19:03,119 - root - INFO - *********Verifying Login Test************ 
2021-02-17 22:19:03,119 - root - INFO - *********Verifying Login Test************ 
2021-02-17 22:19:03,119 - root - INFO - *********Verifying Login Test************ 
2021-02-17 22:19:03,119 - root - INFO - *********Verifying Login Test************ 
2021-02-17 22:19:03,119 - root - INFO - *********Verifying Login Test************ 
2021-02-17 22:19:11,236 - root - INFO - *********Login Test is Passed************ 
2021-02-17 22:19:11,236 - root - INFO - *********Login Test is Passed************ 
2021-02-17 22:19:11,236 - root - INFO - *********Login Test is Passed************ 
2021-02-17 22:19:11,236 - root - INFO - *********Login Test is Passed************ 
2021-02-17 22:19:11,236 - root - INFO - *********Login Test is Passed************ 
2021-02-17 22:19:22,123 - root - INFO - *********Test_003_AddCustomer************ 
2021-02-17 22:19:22,123 - root - INFO - *********Test_003_AddCustomer************ 
2021-02-17 22:19:22,123 - root - INFO - *********Test_003_AddCustomer************ 
2021-02-17 22:19:22,123 - root - INFO - *********Test_003_AddCustomer************ 
2021-02-17 22:19:22,123 - root - INFO - *********Test_003_AddCustomer************ 
2021-02-17 22:19:26,721 - root - INFO - **********Login Successful********
2021-02-17 22:19:26,721 - root - INFO - **********Login Successful********
2021-02-17 22:19:26,721 - root - INFO - **********Login Successful********
2021-02-17 22:19:26,721 - root - INFO - **********Login Successful********
2021-02-17 22:19:26,721 - root - INFO - **********Login Successful********
2021-02-17 22:19:26,722 - root - INFO - **********Starting Add Customer Test*************
2021-02-17 22:19:26,722 - root - INFO - **********Starting Add Customer Test*************
2021-02-17 22:19:26,722 - root - INFO - **********Starting Add Customer Test*************
2021-02-17 22:19:26,722 - root - INFO - **********Starting Add Customer Test*************
2021-02-17 22:19:26,722 - root - INFO - **********Starting Add Customer Test*************
2021-02-17 22:19:33,518 - root - INFO - ***********8 Provinding Customer Info**********
2021-02-17 22:19:33,518 - root - INFO - ***********8 Provinding Customer Info**********
2021-02-17 22:19:33,518 - root - INFO - ***********8 Provinding Customer Info**********
2021-02-17 22:19:33,518 - root - INFO - ***********8 Provinding Customer Info**********
2021-02-17 22:19:33,518 - root - INFO - ***********8 Provinding Customer Info**********
2021-02-17 22:19:50,603 - root - INFO - ************ Saving customer info**********
2021-02-17 22:19:50,603 - root - INFO - ************ Saving customer info**********
2021-02-17 22:19:50,603 - root - INFO - ************ Saving customer info**********
2021-02-17 22:19:50,603 - root - INFO - ************ Saving customer info**********
2021-02-17 22:19:50,603 - root - INFO - ************ Saving customer info**********
2021-02-17 22:19:50,603 - root - INFO - *********** Add customer validation started*************
2021-02-17 22:19:50,603 - root - INFO - *********** Add customer validation started*************
2021-02-17 22:19:50,603 - root - INFO - *********** Add customer validation started*************
2021-02-17 22:19:50,603 - root - INFO - *********** Add customer validation started*************
2021-02-17 22:19:50,603 - root - INFO - *********** Add customer validation started*************
2021-02-17 22:19:51,229 - root - INFO - ********** Add customer Test Passed**********
2021-02-17 22:19:51,229 - root - INFO - ********** Add customer Test Passed**********
2021-02-17 22:19:51,229 - root - INFO - ********** Add customer Test Passed**********
2021-02-17 22:19:51,229 - root - INFO - ********** Add customer Test Passed**********
2021-02-17 22:19:51,229 - root - INFO - ********** Add customer Test Passed**********
2021-02-17 22:19:53,078 - root - INFO - ***** Ending Test_003_AddCustomer Test *********
2021-02-17 22:19:53,078 - root - INFO - ***** Ending Test_003_AddCustomer Test *********
2021-02-17 22:19:53,078 - root - INFO - ***** Ending Test_003_AddCustomer Test *********
2021-02-17 22:19:53,078 - root - INFO - ***** Ending Test_003_AddCustomer Test *********
2021-02-17 22:19:53,078 - root - INFO - ***** Ending Test_003_AddCustomer Test *********
2021-02-17 22:20:01,491 - root - INFO - *********Verifying Login Test************ 
2021-02-17 22:20:01,491 - root - INFO - *********Verifying Login Test************ 
2021-02-17 22:20:01,491 - root - INFO - *********Verifying Login Test************ 
2021-02-17 22:20:01,491 - root - INFO - *********Verifying Login Test************ 
2021-02-17 22:20:01,491 - root - INFO - *********Verifying Login Test************ 
2021-02-17 22:20:08,947 - root - INFO - *********Login Test is Passed************ 
2021-02-17 22:20:08,947 - root - INFO - *********Login Test is Passed************ 
2021-02-17 22:20:08,947 - root - INFO - *********Login Test is Passed************ 
2021-02-17 22:20:08,947 - root - INFO - *********Login Test is Passed************ 
2021-02-17 22:20:08,947 - root - INFO - *********Login Test is Passed************ 
